<?xml version="1.0" encoding="UTF-8"?>
<!-- Generated by org.testng.reporters.JUnitReportReporter -->
<testsuite hostname="DESKTOP-1553FSV" failures="0" tests="1" name="Orangehrm.testcases.AdminLoginTest" time="7.668" errors="0" timestamp="2023-03-31T13:19:50 IST" skipped="0">
  <testcase classname="Orangehrm.testcases.AdminLoginTest" name="checkAdminLogin" time="7.668"/>
  <system-out/>
</testsuite> <!-- Orangehrm.testcases.AdminLoginTest -->
